<?xml version="1.0" encoding="UTF-8"?>
<Site BuildName="(empty)"
	BuildStamp="20240610-1102-Experimental"
	Name="robotiklab3-HP"
	Generator="ctest-3.22.1"
	CompilerName="/usr/bin/g++"
	CompilerVersion="11.4.0"
	OSName="Linux"
	Hostname="robotiklab3-HP"
	OSRelease="6.5.0-35-generic"
	OSVersion="#35~22.04.1-Ubuntu SMP PREEMPT_DYNAMIC Tue May  7 09:00:52 UTC 2"
	OSPlatform="x86_64"
	Is64Bits="1"
	VendorString="GenuineIntel"
	VendorID="Intel Corporation"
	FamilyID="6"
	ModelID="158"
	ProcessorCacheSize="12288"
	NumberOfLogicalCPU="8"
	NumberOfPhysicalCPU="8"
	TotalVirtualMemory="16383"
	TotalPhysicalMemory="15759"
	LogicalProcessorsPerPhysical="1"
	ProcessorClockFrequency="4299.89"
	>
	<Testing>
		<StartDateTime>Jun 10 13:02 CEST</StartDateTime>
		<StartTestTime>1718017377</StartTestTime>
		<TestList/>
		<EndDateTime>Jun 10 13:02 CEST</EndDateTime>
		<EndTestTime>1718017377</EndTestTime>
		<ElapsedMinutes>0</ElapsedMinutes>
	</Testing>
</Site>
